-------------------------------------------------------------------------------
Test set: GadgetsTest
-------------------------------------------------------------------------------
Tests run: 17, Failures: 0, Errors: 17, Skipped: 0, Time elapsed: 0.041 sec <<< FAILURE! - in GadgetsTest
jackson(GadgetsTest)  Time elapsed: 0.009 sec  <<< ERROR!
java.lang.UnsupportedOperationException: The Security Manager is deprecated and will be removed in a future release
	at GadgetsTest.runTests(GadgetsTest.java:162)
	at GadgetsTest.jackson(GadgetsTest.java:97)

xstream(GadgetsTest)  Time elapsed: 0.001 sec  <<< ERROR!
java.lang.UnsupportedOperationException: The Security Manager is deprecated and will be removed in a future release
	at GadgetsTest.runTests(GadgetsTest.java:162)
	at GadgetsTest.xstream(GadgetsTest.java:151)

burlap(GadgetsTest)  Time elapsed: 0.003 sec  <<< ERROR!
java.lang.UnsupportedOperationException: The Security Manager is deprecated and will be removed in a future release
	at GadgetsTest.runTests(GadgetsTest.java:162)
	at GadgetsTest.burlap(GadgetsTest.java:85)

yamlbeans(GadgetsTest)  Time elapsed: 0 sec  <<< ERROR!
java.lang.UnsupportedOperationException: The Security Manager is deprecated and will be removed in a future release
	at GadgetsTest.runTests(GadgetsTest.java:162)
	at GadgetsTest.yamlbeans(GadgetsTest.java:157)

jsonio(GadgetsTest)  Time elapsed: 0.001 sec  <<< ERROR!
java.lang.UnsupportedOperationException: The Security Manager is deprecated and will be removed in a future release
	at GadgetsTest.runTests(GadgetsTest.java:162)
	at GadgetsTest.jsonio(GadgetsTest.java:109)

red5AMF0(GadgetsTest)  Time elapsed: 0.001 sec  <<< ERROR!
java.lang.UnsupportedOperationException: The Security Manager is deprecated and will be removed in a future release
	at GadgetsTest.runTests(GadgetsTest.java:162)
	at GadgetsTest.red5AMF0(GadgetsTest.java:133)

red5AMF3(GadgetsTest)  Time elapsed: 0.002 sec  <<< ERROR!
java.lang.UnsupportedOperationException: The Security Manager is deprecated and will be removed in a future release
	at GadgetsTest.runTests(GadgetsTest.java:162)
	at GadgetsTest.red5AMF3(GadgetsTest.java:139)

kryoAlt(GadgetsTest)  Time elapsed: 0.001 sec  <<< ERROR!
java.lang.UnsupportedOperationException: The Security Manager is deprecated and will be removed in a future release
	at GadgetsTest.runTests(GadgetsTest.java:162)
	at GadgetsTest.kryoAlt(GadgetsTest.java:127)

java(GadgetsTest)  Time elapsed: 0 sec  <<< ERROR!
java.lang.UnsupportedOperationException: The Security Manager is deprecated and will be removed in a future release
	at GadgetsTest.runTests(GadgetsTest.java:162)
	at GadgetsTest.java(GadgetsTest.java:103)

kryo(GadgetsTest)  Time elapsed: 0 sec  <<< ERROR!
java.lang.UnsupportedOperationException: The Security Manager is deprecated and will be removed in a future release
	at GadgetsTest.runTests(GadgetsTest.java:162)
	at GadgetsTest.kryo(GadgetsTest.java:121)

snakeyaml(GadgetsTest)  Time elapsed: 0.001 sec  <<< ERROR!
java.lang.UnsupportedOperationException: The Security Manager is deprecated and will be removed in a future release
	at GadgetsTest.runTests(GadgetsTest.java:162)
	at GadgetsTest.snakeyaml(GadgetsTest.java:145)

jyaml(GadgetsTest)  Time elapsed: 0 sec  <<< ERROR!
java.lang.UnsupportedOperationException: The Security Manager is deprecated and will be removed in a future release
	at GadgetsTest.runTests(GadgetsTest.java:162)
	at GadgetsTest.jyaml(GadgetsTest.java:115)

blazeDSAMF3AM(GadgetsTest)  Time elapsed: 0.001 sec  <<< ERROR!
java.lang.UnsupportedOperationException: The Security Manager is deprecated and will be removed in a future release
	at GadgetsTest.runTests(GadgetsTest.java:162)
	at GadgetsTest.blazeDSAMF3AM(GadgetsTest.java:67)

blazeDSAMF0(GadgetsTest)  Time elapsed: 0 sec  <<< ERROR!
java.lang.UnsupportedOperationException: The Security Manager is deprecated and will be removed in a future release
	at GadgetsTest.runTests(GadgetsTest.java:162)
	at GadgetsTest.blazeDSAMF0(GadgetsTest.java:61)

blazeDSAMF3(GadgetsTest)  Time elapsed: 0 sec  <<< ERROR!
java.lang.UnsupportedOperationException: The Security Manager is deprecated and will be removed in a future release
	at GadgetsTest.runTests(GadgetsTest.java:162)
	at GadgetsTest.blazeDSAMF3(GadgetsTest.java:73)

blazeDSAMFX(GadgetsTest)  Time elapsed: 0.001 sec  <<< ERROR!
java.lang.UnsupportedOperationException: The Security Manager is deprecated and will be removed in a future release
	at GadgetsTest.runTests(GadgetsTest.java:162)
	at GadgetsTest.blazeDSAMFX(GadgetsTest.java:79)

hessian(GadgetsTest)  Time elapsed: 0 sec  <<< ERROR!
java.lang.UnsupportedOperationException: The Security Manager is deprecated and will be removed in a future release
	at GadgetsTest.runTests(GadgetsTest.java:162)
	at GadgetsTest.hessian(GadgetsTest.java:91)

