<?xml version="1.0" encoding="UTF-8"?>
<testsuite xmlns:xsi="http://www.w3.org/2001/XMLSchema-instance" xsi:schemaLocation="https://maven.apache.org/surefire/maven-surefire-plugin/xsd/surefire-test-report.xsd" name="GadgetsTest" time="0.041" tests="17" errors="17" skipped="0" failures="0">
  <properties>
[...]
</properties>
  <testcase name="jackson" classname="GadgetsTest" time="0.009">
    <error message="The Security Manager is deprecated and will be removed in a future release" type="java.lang.UnsupportedOperationException">java.lang.UnsupportedOperationException: The Security Manager is deprecated and will be removed in a future release
	at GadgetsTest.runTests(GadgetsTest.java:162)
	at GadgetsTest.jackson(GadgetsTest.java:97)
</error>
    <system-err><![CDATA[Java version is Homebrew 18.0.2
]]></system-err>
  </testcase>
  <testcase name="xstream" classname="GadgetsTest" time="0.001">
    <error message="The Security Manager is deprecated and will be removed in a future release" type="java.lang.UnsupportedOperationException">java.lang.UnsupportedOperationException: The Security Manager is deprecated and will be removed in a future release
	at GadgetsTest.runTests(GadgetsTest.java:162)
	at GadgetsTest.xstream(GadgetsTest.java:151)
</error>
  </testcase>
  <testcase name="burlap" classname="GadgetsTest" time="0.003">
    <error message="The Security Manager is deprecated and will be removed in a future release" type="java.lang.UnsupportedOperationException">java.lang.UnsupportedOperationException: The Security Manager is deprecated and will be removed in a future release
	at GadgetsTest.runTests(GadgetsTest.java:162)
	at GadgetsTest.burlap(GadgetsTest.java:85)
</error>
  </testcase>
  <testcase name="yamlbeans" classname="GadgetsTest" time="0">
    <error message="The Security Manager is deprecated and will be removed in a future release" type="java.lang.UnsupportedOperationException">java.lang.UnsupportedOperationException: The Security Manager is deprecated and will be removed in a future release
	at GadgetsTest.runTests(GadgetsTest.java:162)
	at GadgetsTest.yamlbeans(GadgetsTest.java:157)
</error>
  </testcase>
  <testcase name="jsonio" classname="GadgetsTest" time="0.001">
    <error message="The Security Manager is deprecated and will be removed in a future release" type="java.lang.UnsupportedOperationException">java.lang.UnsupportedOperationException: The Security Manager is deprecated and will be removed in a future release
	at GadgetsTest.runTests(GadgetsTest.java:162)
	at GadgetsTest.jsonio(GadgetsTest.java:109)
</error>
  </testcase>
  <testcase name="red5AMF0" classname="GadgetsTest" time="0.001">
    <error message="The Security Manager is deprecated and will be removed in a future release" type="java.lang.UnsupportedOperationException">java.lang.UnsupportedOperationException: The Security Manager is deprecated and will be removed in a future release
	at GadgetsTest.runTests(GadgetsTest.java:162)
	at GadgetsTest.red5AMF0(GadgetsTest.java:133)
</error>
  </testcase>
  <testcase name="red5AMF3" classname="GadgetsTest" time="0.002">
    <error message="The Security Manager is deprecated and will be removed in a future release" type="java.lang.UnsupportedOperationException">java.lang.UnsupportedOperationException: The Security Manager is deprecated and will be removed in a future release
	at GadgetsTest.runTests(GadgetsTest.java:162)
	at GadgetsTest.red5AMF3(GadgetsTest.java:139)
</error>
  </testcase>
  <testcase name="kryoAlt" classname="GadgetsTest" time="0.001">
    <error message="The Security Manager is deprecated and will be removed in a future release" type="java.lang.UnsupportedOperationException">java.lang.UnsupportedOperationException: The Security Manager is deprecated and will be removed in a future release
	at GadgetsTest.runTests(GadgetsTest.java:162)
	at GadgetsTest.kryoAlt(GadgetsTest.java:127)
</error>
  </testcase>
  <testcase name="java" classname="GadgetsTest" time="0">
    <error message="The Security Manager is deprecated and will be removed in a future release" type="java.lang.UnsupportedOperationException">java.lang.UnsupportedOperationException: The Security Manager is deprecated and will be removed in a future release
	at GadgetsTest.runTests(GadgetsTest.java:162)
	at GadgetsTest.java(GadgetsTest.java:103)
</error>
  </testcase>
  <testcase name="kryo" classname="GadgetsTest" time="0">
    <error message="The Security Manager is deprecated and will be removed in a future release" type="java.lang.UnsupportedOperationException">java.lang.UnsupportedOperationException: The Security Manager is deprecated and will be removed in a future release
	at GadgetsTest.runTests(GadgetsTest.java:162)
	at GadgetsTest.kryo(GadgetsTest.java:121)
</error>
  </testcase>
  <testcase name="snakeyaml" classname="GadgetsTest" time="0.001">
    <error message="The Security Manager is deprecated and will be removed in a future release" type="java.lang.UnsupportedOperationException">java.lang.UnsupportedOperationException: The Security Manager is deprecated and will be removed in a future release
	at GadgetsTest.runTests(GadgetsTest.java:162)
	at GadgetsTest.snakeyaml(GadgetsTest.java:145)
</error>
  </testcase>
  <testcase name="jyaml" classname="GadgetsTest" time="0">
    <error message="The Security Manager is deprecated and will be removed in a future release" type="java.lang.UnsupportedOperationException">java.lang.UnsupportedOperationException: The Security Manager is deprecated and will be removed in a future release
	at GadgetsTest.runTests(GadgetsTest.java:162)
	at GadgetsTest.jyaml(GadgetsTest.java:115)
</error>
  </testcase>
  <testcase name="blazeDSAMF3AM" classname="GadgetsTest" time="0.001">
    <error message="The Security Manager is deprecated and will be removed in a future release" type="java.lang.UnsupportedOperationException">java.lang.UnsupportedOperationException: The Security Manager is deprecated and will be removed in a future release
	at GadgetsTest.runTests(GadgetsTest.java:162)
	at GadgetsTest.blazeDSAMF3AM(GadgetsTest.java:67)
</error>
  </testcase>
  <testcase name="blazeDSAMF0" classname="GadgetsTest" time="0">
    <error message="The Security Manager is deprecated and will be removed in a future release" type="java.lang.UnsupportedOperationException">java.lang.UnsupportedOperationException: The Security Manager is deprecated and will be removed in a future release
	at GadgetsTest.runTests(GadgetsTest.java:162)
	at GadgetsTest.blazeDSAMF0(GadgetsTest.java:61)
</error>
  </testcase>
  <testcase name="blazeDSAMF3" classname="GadgetsTest" time="0">
    <error message="The Security Manager is deprecated and will be removed in a future release" type="java.lang.UnsupportedOperationException">java.lang.UnsupportedOperationException: The Security Manager is deprecated and will be removed in a future release
	at GadgetsTest.runTests(GadgetsTest.java:162)
	at GadgetsTest.blazeDSAMF3(GadgetsTest.java:73)
</error>
  </testcase>
  <testcase name="blazeDSAMFX" classname="GadgetsTest" time="0.001">
    <error message="The Security Manager is deprecated and will be removed in a future release" type="java.lang.UnsupportedOperationException">java.lang.UnsupportedOperationException: The Security Manager is deprecated and will be removed in a future release
	at GadgetsTest.runTests(GadgetsTest.java:162)
	at GadgetsTest.blazeDSAMFX(GadgetsTest.java:79)
</error>
  </testcase>
  <testcase name="hessian" classname="GadgetsTest" time="0">
    <error message="The Security Manager is deprecated and will be removed in a future release" type="java.lang.UnsupportedOperationException">java.lang.UnsupportedOperationException: The Security Manager is deprecated and will be removed in a future release
	at GadgetsTest.runTests(GadgetsTest.java:162)
	at GadgetsTest.hessian(GadgetsTest.java:91)
</error>
  </testcase>
</testsuite>